::1 - - [28/Apr/2020:02:29:38 +0000] "PUT /api/v1/books/5e9d481d01d2c0386862d04e HTTP/1.1" 500 74 "-" "PostmanRuntime/7.24.1"
::1 - - [28/Apr/2020:02:30:14 +0000] "PUT /api/v1/books/5e9d481d01d2c0386862d04e HTTP/1.1" 200 1957 "-" "PostmanRuntime/7.24.1"
::1 - - [28/Apr/2020:02:30:41 +0000] "PUT /api/v1/books/5e9d481d01d2c0386862d04e HTTP/1.1" 200 1957 "-" "PostmanRuntime/7.24.1"
::1 - - [28/Apr/2020:02:31:48 +0000] "PUT /api/v1/books/5e9d481d01d2c0386862d04e HTTP/1.1" 200 1957 "-" "PostmanRuntime/7.24.1"
::1 - - [28/Apr/2020:02:32:01 +0000] "GET /api/v1/books/5e9d481d01d2c0386862d04e HTTP/1.1" 200 1957 "-" "PostmanRuntime/7.24.1"
::1 - - [28/Apr/2020:07:36:27 +0000] "POST /api/v1/users/register HTTP/1.1" 500 201 "-" "PostmanRuntime/7.24.1"
::1 - - [28/Apr/2020:07:40:58 +0000] "POST /api/v1/users/register HTTP/1.1" 500 201 "-" "PostmanRuntime/7.24.1"
::1 - - [28/Apr/2020:07:41:25 +0000] "POST /api/v1/users/register HTTP/1.1" 500 201 "-" "PostmanRuntime/7.24.1"
::1 - - [28/Apr/2020:07:41:46 +0000] "POST /api/v1/users/register HTTP/1.1" 500 201 "-" "PostmanRuntime/7.24.1"
::1 - - [28/Apr/2020:07:42:07 +0000] "POST /api/v1/users/register HTTP/1.1" 500 201 "-" "PostmanRuntime/7.24.1"
::1 - - [28/Apr/2020:07:43:04 +0000] "POST /api/v1/users/register HTTP/1.1" 500 213 "-" "PostmanRuntime/7.24.1"
::1 - - [28/Apr/2020:07:43:48 +0000] "POST /api/v1/users/register HTTP/1.1" 500 201 "-" "PostmanRuntime/7.24.1"
::1 - - [28/Apr/2020:07:44:04 +0000] "POST /api/v1/users/register HTTP/1.1" 500 201 "-" "PostmanRuntime/7.24.1"
::1 - - [28/Apr/2020:07:46:31 +0000] "POST /api/v1/users/register HTTP/1.1" 500 201 "-" "PostmanRuntime/7.24.1"
::1 - - [28/Apr/2020:07:46:36 +0000] "POST /api/v1/users/registerd HTTP/1.1" 500 203 "-" "PostmanRuntime/7.24.1"
::1 - - [28/Apr/2020:07:46:40 +0000] "POST /api/v1/users/sdf HTTP/1.1" 500 191 "-" "PostmanRuntime/7.24.1"
::1 - - [28/Apr/2020:07:46:53 +0000] "POST /api/v1/users/register HTTP/1.1" 500 201 "-" "PostmanRuntime/7.24.1"
::1 - - [28/Apr/2020:07:51:33 +0000] "POST /api/v1/users/register HTTP/1.1" 500 213 "-" "PostmanRuntime/7.24.1"
::1 - - [28/Apr/2020:07:53:26 +0000] "POST /api/v1/users/register HTTP/1.1" 200 29 "-" "PostmanRuntime/7.24.1"
::1 - - [28/Apr/2020:07:54:40 +0000] "POST /api/v1/users/register HTTP/1.1" 200 439 "-" "PostmanRuntime/7.24.1"
::1 - - [28/Apr/2020:07:57:56 +0000] "GET /api/v1/users HTTP/1.1" 200 1075 "-" "PostmanRuntime/7.24.1"
::1 - - [28/Apr/2020:07:58:54 +0000] "GET /api/v1/users?select=name HTTP/1.1" 200 450 "-" "PostmanRuntime/7.24.1"
::1 - - [28/Apr/2020:07:59:18 +0000] "GET /api/v1/users HTTP/1.1" 200 1075 "-" "PostmanRuntime/7.24.1"
::1 - - [28/Apr/2020:07:59:30 +0000] "GET /api/v1/users/5ea5723aab227a55b42f6e75 HTTP/1.1" 200 162 "-" "PostmanRuntime/7.24.1"
::1 - - [28/Apr/2020:08:00:32 +0000] "PUT /api/v1/users/5ea5723aab227a55b42f6e75 HTTP/1.1" 404 176 "-" "PostmanRuntime/7.24.1"
::1 - - [28/Apr/2020:08:01:21 +0000] "PUT /api/v1/users/5ea5723aab227a55b42f6e75 HTTP/1.1" 200 30 "-" "PostmanRuntime/7.24.1"
::1 - - [28/Apr/2020:08:01:49 +0000] "PUT /api/v1/users/5ea5723aab227a55b42f6e75 HTTP/1.1" 200 168 "-" "PostmanRuntime/7.24.1"
::1 - - [28/Apr/2020:08:02:37 +0000] "DELETE /api/v1/users/5ea5723aab227a55b42f6e75 HTTP/1.1" 200 168 "-" "PostmanRuntime/7.24.1"
::1 - - [28/Apr/2020:08:02:52 +0000] "GET /api/v1/users/5ea5723aab227a55b42f6e75 HTTP/1.1" 400 126 "-" "PostmanRuntime/7.24.1"
::1 - - [28/Apr/2020:08:03:49 +0000] "POST /api/v1/users HTTP/1.1" 500 384 "-" "PostmanRuntime/7.24.1"
::1 - - [28/Apr/2020:08:03:59 +0000] "POST /api/v1/users HTTP/1.1" 500 384 "-" "PostmanRuntime/7.24.1"
::1 - - [28/Apr/2020:08:04:05 +0000] "POST /api/v1/users HTTP/1.1" 200 241 "-" "PostmanRuntime/7.24.1"
::1 - - [28/Apr/2020:08:07:33 +0000] "GET /api/v1/users?select=name HTTP/1.1" 200 454 "-" "PostmanRuntime/7.24.1"
::1 - - [28/Apr/2020:08:07:39 +0000] "GET /api/v1/users HTTP/1.1" 200 1080 "-" "PostmanRuntime/7.24.1"
::1 - - [28/Apr/2020:08:09:42 +0000] "GET /api/v1/books HTTP/1.1" 200 9571 "-" "PostmanRuntime/7.24.1"
::1 - - [28/Apr/2020:08:10:07 +0000] "GET /api/v1/books?page=3 HTTP/1.1" 200 1905 "-" "PostmanRuntime/7.24.1"
::1 - - [28/Apr/2020:08:24:47 +0000] "GET /api/v1/users HTTP/1.1" 200 1080 "-" "PostmanRuntime/7.24.1"
::1 - - [28/Apr/2020:08:24:57 +0000] "GET /api/v1/books?page=3 HTTP/1.1" 200 117 "-" "PostmanRuntime/7.24.1"
::1 - - [28/Apr/2020:08:25:06 +0000] "GET /api/v1/users HTTP/1.1" 200 1080 "-" "PostmanRuntime/7.24.1"
::1 - - [28/Apr/2020:08:32:57 +0000] "GET /api/v1/users HTTP/1.1" 200 1080 "-" "PostmanRuntime/7.24.1"
::1 - - [28/Apr/2020:08:33:01 +0000] "GET /api/v1/users/5ea5723aab227a55b42f6e75 HTTP/1.1" 400 126 "-" "PostmanRuntime/7.24.1"
::1 - - [28/Apr/2020:08:33:09 +0000] "GET /api/v1/users/5ea015a84448022f50c58be5 HTTP/1.1" 200 160 "-" "PostmanRuntime/7.24.1"
::1 - - [28/Apr/2020:08:36:36 +0000] "GET /api/v1/books?page=3 HTTP/1.1" 200 8162 "-" "PostmanRuntime/7.24.1"
::1 - - [28/Apr/2020:08:37:12 +0000] "GET /api/v1/books?page=4 HTTP/1.1" 200 5509 "-" "PostmanRuntime/7.24.1"
::1 - - [28/Apr/2020:08:37:40 +0000] "GET /api/v1/users HTTP/1.1" 200 1080 "-" "PostmanRuntime/7.24.1"
::1 - - [28/Apr/2020:08:38:54 +0000] "GET /api/v1/users HTTP/1.1" 200 1080 "-" "PostmanRuntime/7.24.1"
::1 - - [28/Apr/2020:08:38:59 +0000] "GET /api/v1/books?page=4 HTTP/1.1" 200 117 "-" "PostmanRuntime/7.24.1"
::1 - - [28/Apr/2020:08:39:05 +0000] "GET /api/v1/categories HTTP/1.1" 200 94 "-" "PostmanRuntime/7.24.1"
::1 - - [28/Apr/2020:08:39:12 +0000] "GET /api/v1/users HTTP/1.1" 200 1080 "-" "PostmanRuntime/7.24.1"
::1 - - [28/Apr/2020:08:39:38 +0000] "GET /api/v1/users HTTP/1.1" 200 1080 "-" "PostmanRuntime/7.24.1"
::1 - - [28/Apr/2020:08:48:51 +0000] "GET /api/v1/users HTTP/1.1" 200 1080 "-" "PostmanRuntime/7.24.1"
::1 - - [28/Apr/2020:08:48:57 +0000] "GET /api/v1/books HTTP/1.1" 200 103 "-" "PostmanRuntime/7.24.1"
::1 - - [28/Apr/2020:08:50:32 +0000] "GET /api/v1/users HTTP/1.1" 200 1080 "-" "PostmanRuntime/7.24.1"
::1 - - [28/Apr/2020:08:56:04 +0000] "GET /api/v1/books HTTP/1.1" 200 103 "-" "PostmanRuntime/7.24.1"
::1 - - [28/Apr/2020:08:56:11 +0000] "GET /api/v1/users HTTP/1.1" 200 1080 "-" "PostmanRuntime/7.24.1"
::1 - - [28/Apr/2020:08:56:41 +0000] "GET /api/v1/users HTTP/1.1" 200 94 "-" "PostmanRuntime/7.24.1"
::1 - - [28/Apr/2020:08:57:59 +0000] "GET /api/v1/users HTTP/1.1" 200 524 "-" "PostmanRuntime/7.24.1"
::1 - - [28/Apr/2020:08:58:28 +0000] "GET /api/v1/books HTTP/1.1" 200 10533 "-" "PostmanRuntime/7.24.1"
::1 - - [28/Apr/2020:09:11:02 +0000] "GET /api/v1/users/5ea5723aab227a55b42f6e75 HTTP/1.1" 400 126 "-" "PostmanRuntime/7.24.1"
::1 - - [28/Apr/2020:09:11:07 +0000] "GET /api/v1/users HTTP/1.1" 200 524 "-" "PostmanRuntime/7.24.1"
::1 - - [28/Apr/2020:09:11:18 +0000] "GET /api/v1/users/5ea015a84448022f50c58be5 HTTP/1.1" 200 168 "-" "PostmanRuntime/7.24.1"
::1 - - [28/Apr/2020:09:11:27 +0000] "GET /api/v1/users/5ea015a84448022f50c58be5/books HTTP/1.1" 500 263 "-" "PostmanRuntime/7.24.1"
::1 - - [28/Apr/2020:09:12:55 +0000] "GET /api/v1/users/5ea015a84448022f50c58be5 HTTP/1.1" 200 168 "-" "PostmanRuntime/7.24.1"
::1 - - [28/Apr/2020:09:13:40 +0000] "POST /api/v1/users/login HTTP/1.1" 200 444 "-" "PostmanRuntime/7.24.1"
::1 - - [28/Apr/2020:09:13:55 +0000] "GET /api/v1/users/5ea015a84448022f50c58be5/books HTTP/1.1" 500 263 "-" "PostmanRuntime/7.24.1"
::1 - - [28/Apr/2020:09:14:40 +0000] "GET /api/v1/users/5ea015a84448022f50c58be5/books HTTP/1.1" 500 263 "-" "PostmanRuntime/7.24.1"
::1 - - [28/Apr/2020:09:15:12 +0000] "POST /api/v1/users/login HTTP/1.1" 200 444 "-" "PostmanRuntime/7.24.1"
::1 - - [28/Apr/2020:09:16:52 +0000] "POST /api/v1/users/login HTTP/1.1" 200 444 "-" "PostmanRuntime/7.24.1"
::1 - - [28/Apr/2020:09:17:02 +0000] "GET /api/v1/users/5ea015a84448022f50c58be5/books HTTP/1.1" 500 263 "-" "PostmanRuntime/7.24.1"
::1 - - [28/Apr/2020:09:17:48 +0000] "POST /api/v1/users/login HTTP/1.1" 200 444 "-" "PostmanRuntime/7.24.1"
::1 - - [28/Apr/2020:09:19:52 +0000] "GET /api/v1/users/5ea015a84448022f50c58be5/books HTTP/1.1" 500 263 "-" "PostmanRuntime/7.24.1"
::1 - - [28/Apr/2020:09:22:49 +0000] "GET /api/v1/users/5ea015a84448022f50c58be5/books HTTP/1.1" 200 117 "-" "PostmanRuntime/7.24.1"
::1 - - [28/Apr/2020:09:24:59 +0000] "GET /api/v1/users/5ea015a84448022f50c58be5/books HTTP/1.1" 401 183 "-" "PostmanRuntime/7.24.1"
::1 - - [28/Apr/2020:09:25:26 +0000] "POST /api/v1/users/login HTTP/1.1" 200 444 "-" "PostmanRuntime/7.24.1"
::1 - - [28/Apr/2020:09:25:32 +0000] "GET /api/v1/users/5ea015a84448022f50c58be5/books HTTP/1.1" 401 183 "-" "PostmanRuntime/7.24.1"
::1 - - [28/Apr/2020:09:26:58 +0000] "POST /api/v1/users/login HTTP/1.1" 200 444 "-" "PostmanRuntime/7.24.1"
::1 - - [28/Apr/2020:09:27:01 +0000] "GET /api/v1/users/5ea015a84448022f50c58be5/books HTTP/1.1" 401 183 "-" "PostmanRuntime/7.24.1"
::1 - - [28/Apr/2020:09:27:10 +0000] "POST /api/v1/users/login HTTP/1.1" 200 444 "-" "PostmanRuntime/7.24.1"
::1 - - [28/Apr/2020:09:27:18 +0000] "GET /api/v1/users/5ea015a84448022f50c58be5/books HTTP/1.1" 401 183 "-" "PostmanRuntime/7.24.1"
::1 - - [28/Apr/2020:09:30:03 +0000] "GET /api/v1/users/5ea015a84448022f50c58be5/books HTTP/1.1" 401 252 "-" "PostmanRuntime/7.24.1"
::1 - - [28/Apr/2020:09:30:12 +0000] "POST /api/v1/users/login HTTP/1.1" 200 444 "-" "PostmanRuntime/7.24.1"
::1 - - [28/Apr/2020:09:30:19 +0000] "GET /api/v1/users/5ea015a84448022f50c58be5/books HTTP/1.1" 200 10178 "-" "PostmanRuntime/7.24.1"
::1 - - [28/Apr/2020:09:30:43 +0000] "POST /api/v1/users/login HTTP/1.1" 200 440 "-" "PostmanRuntime/7.24.1"
::1 - - [28/Apr/2020:09:30:57 +0000] "GET /api/v1/users/5ea3e83bf932ea3944956bf9/books HTTP/1.1" 200 5691 "-" "PostmanRuntime/7.24.1"
::1 - - [28/Apr/2020:09:34:06 +0000] "GET /api/v1/users/5ea3e83bf932ea3944956bf9/books HTTP/1.1" 401 252 "-" "PostmanRuntime/7.24.1"
::1 - - [28/Apr/2020:09:34:11 +0000] "POST /api/v1/users/login HTTP/1.1" 200 440 "-" "PostmanRuntime/7.24.1"
::1 - - [28/Apr/2020:09:34:14 +0000] "GET /api/v1/users/5ea3e83bf932ea3944956bf9/books HTTP/1.1" 200 5691 "-" "PostmanRuntime/7.24.1"
::1 - - [28/Apr/2020:09:34:31 +0000] "GET /api/v1/users/5ea3e83bf932ea3944956bf9/books HTTP/1.1" 401 252 "-" "PostmanRuntime/7.24.1"
::1 - - [28/Apr/2020:09:34:37 +0000] "POST /api/v1/users/login HTTP/1.1" 200 440 "-" "PostmanRuntime/7.24.1"
::1 - - [28/Apr/2020:09:34:40 +0000] "GET /api/v1/users/5ea3e83bf932ea3944956bf9/books HTTP/1.1" 200 5691 "-" "PostmanRuntime/7.24.1"
::1 - - [28/Apr/2020:09:35:51 +0000] "POST /api/v1/users/login HTTP/1.1" 200 440 "-" "PostmanRuntime/7.24.1"
::1 - - [28/Apr/2020:09:35:56 +0000] "GET /api/v1/users HTTP/1.1" 401 252 "-" "PostmanRuntime/7.24.1"
::1 - - [28/Apr/2020:09:36:09 +0000] "POST /api/v1/users/login HTTP/1.1" 200 444 "-" "PostmanRuntime/7.24.1"
::1 - - [28/Apr/2020:09:36:16 +0000] "GET /api/v1/users HTTP/1.1" 401 252 "-" "PostmanRuntime/7.24.1"
::1 - - [28/Apr/2020:09:38:27 +0000] "POST /api/v1/users/login HTTP/1.1" 200 444 "-" "PostmanRuntime/7.24.1"
::1 - - [28/Apr/2020:09:38:33 +0000] "GET /api/v1/users HTTP/1.1" 200 524 "-" "PostmanRuntime/7.24.1"
::1 - - [28/Apr/2020:09:41:41 +0000] "POST /api/v1/users/login HTTP/1.1" 200 444 "-" "PostmanRuntime/7.24.1"
::1 - - [28/Apr/2020:09:41:46 +0000] "GET /api/v1/users/5ea015a84448022f50c58be5/books HTTP/1.1" 200 10178 "-" "PostmanRuntime/7.24.1"
::1 - - [28/Apr/2020:10:13:47 +0000] "POST /api/v1/users/login HTTP/1.1" 200 444 "-" "PostmanRuntime/7.24.1"
::1 - - [28/Apr/2020:10:13:55 +0000] "PUT /api/v1/books/5e9d481d01d2c0386862d059 HTTP/1.1" 400 122 "-" "PostmanRuntime/7.24.1"
::1 - - [28/Apr/2020:10:14:01 +0000] "GET /api/v1/books HTTP/1.1" 200 10533 "-" "PostmanRuntime/7.24.1"
::1 - - [28/Apr/2020:10:14:07 +0000] "PUT /api/v1/books/5ea7f00145ff9336583d3c16 HTTP/1.1" 200 1856 "-" "PostmanRuntime/7.24.1"
::1 - - [28/Apr/2020:10:16:00 +0000] "PUT /api/v1/books/5ea7f00145ff9336583d3c16 HTTP/1.1" 200 1784 "-" "PostmanRuntime/7.24.1"
::1 - - [28/Apr/2020:10:16:11 +0000] "PUT /api/v1/books/5ea7f00145ff9336583d3c16 HTTP/1.1" 200 1781 "-" "PostmanRuntime/7.24.1"
::1 - - [28/Apr/2020:10:16:22 +0000] "GET /api/v1/books/5ea7f00145ff9336583d3c16 HTTP/1.1" 200 1781 "-" "PostmanRuntime/7.24.1"
::1 - - [28/Apr/2020:10:16:47 +0000] "POST /api/v1/users/login HTTP/1.1" 200 440 "-" "PostmanRuntime/7.24.1"
::1 - - [28/Apr/2020:10:17:09 +0000] "PUT /api/v1/books/5ea7f00145ff9336583d3c16 HTTP/1.1" 403 150 "-" "PostmanRuntime/7.24.1"
::1 - - [28/Apr/2020:10:17:43 +0000] "POST /api/v1/users/login HTTP/1.1" 200 446 "-" "PostmanRuntime/7.24.1"
::1 - - [28/Apr/2020:10:17:51 +0000] "PUT /api/v1/books/5ea7f00145ff9336583d3c16 HTTP/1.1" 403 139 "-" "PostmanRuntime/7.24.1"
::1 - - [28/Apr/2020:10:20:23 +0000] "DELETE /api/v1/books/5ea7f00145ff9336583d3c16 HTTP/1.1" 403 154 "-" "PostmanRuntime/7.24.1"
::1 - - [28/Apr/2020:10:20:45 +0000] "DELETE /api/v1/books/5ea7f00145ff9336583d3c16 HTTP/1.1" 403 139 "-" "PostmanRuntime/7.24.1"
::1 - - [28/Apr/2020:10:21:01 +0000] "POST /api/v1/books/ HTTP/1.1" 200 836 "-" "PostmanRuntime/7.24.1"
::1 - - [28/Apr/2020:10:21:17 +0000] "PUT /api/v1/books/5ea8038d31ec5d30bc65edb2 HTTP/1.1" 200 841 "-" "PostmanRuntime/7.24.1"
::1 - - [28/Apr/2020:10:21:32 +0000] "DELETE /api/v1/books/5ea8038d31ec5d30bc65edb2 HTTP/1.1" 200 867 "-" "PostmanRuntime/7.24.1"
::1 - - [28/Apr/2020:10:21:43 +0000] "GET /api/v1/books/5ea8038d31ec5d30bc65edb2 HTTP/1.1" 404 125 "-" "PostmanRuntime/7.24.1"
::1 - - [29/Apr/2020:07:10:39 +0000] "POST /api/v1/users/forgot-password HTTP/1.1" 400 128 "-" "PostmanRuntime/7.24.1"
::1 - - [29/Apr/2020:07:10:47 +0000] "POST /api/v1/users/forgot-password HTTP/1.1" 200 26 "-" "PostmanRuntime/7.24.1"
::1 - - [29/Apr/2020:07:11:42 +0000] "POST /api/v1/users/forgot-password HTTP/1.1" 200 26 "-" "PostmanRuntime/7.24.1"
::1 - - [29/Apr/2020:07:12:35 +0000] "POST /api/v1/users/forgot-password HTTP/1.1" 200 66 "-" "PostmanRuntime/7.24.1"
::1 - - [29/Apr/2020:07:12:50 +0000] "POST /api/v1/users/forgot-password HTTP/1.1" 200 26 "-" "PostmanRuntime/7.24.1"
::1 - - [29/Apr/2020:07:13:12 +0000] "POST /api/v1/users/forgot-password HTTP/1.1" 400 128 "-" "PostmanRuntime/7.24.1"
::1 - - [29/Apr/2020:07:13:15 +0000] "POST /api/v1/users/forgot-password HTTP/1.1" 200 26 "-" "PostmanRuntime/7.24.1"
::1 - - [29/Apr/2020:07:14:17 +0000] "POST /api/v1/users/forgot-password HTTP/1.1" 200 26 "-" "PostmanRuntime/7.24.1"
::1 - - [29/Apr/2020:07:15:16 +0000] "POST /api/v1/users/forgot-password HTTP/1.1" 200 66 "-" "PostmanRuntime/7.24.1"
::1 - - [29/Apr/2020:07:17:28 +0000] "POST /api/v1/users/forgot-password HTTP/1.1" 500 73 "-" "PostmanRuntime/7.24.1"
::1 - - [29/Apr/2020:07:17:38 +0000] "POST /api/v1/users/forgot-password HTTP/1.1" 200 66 "-" "PostmanRuntime/7.24.1"
::1 - - [29/Apr/2020:07:18:18 +0000] "GET /api/v1/users HTTP/1.1" 401 252 "-" "PostmanRuntime/7.24.1"
::1 - - [29/Apr/2020:07:24:42 +0000] "POST /api/v1/users/forgot-password HTTP/1.1" 200 66 "-" "PostmanRuntime/7.24.1"
::1 - - [29/Apr/2020:07:28:45 +0000] "POST /api/v1/users/forgot-password HTTP/1.1" 200 66 "-" "PostmanRuntime/7.24.1"
::1 - - [29/Apr/2020:07:29:25 +0000] "POST /api/v1/users/forgot-password HTTP/1.1" 200 66 "-" "PostmanRuntime/7.24.1"
::1 - - [29/Apr/2020:07:29:49 +0000] "POST /api/v1/users/forgot-password HTTP/1.1" 200 66 "-" "PostmanRuntime/7.24.1"
::1 - - [29/Apr/2020:07:42:08 +0000] "POST /api/v1/users/forgot-password HTTP/1.1" 200 66 "-" "PostmanRuntime/7.24.1"
::1 - - [29/Apr/2020:07:47:01 +0000] "POST /api/v1/users/forgot-password HTTP/1.1" 200 66 "-" "PostmanRuntime/7.24.1"
::1 - - [29/Apr/2020:07:49:40 +0000] "POST /api/v1/users/forgot-password HTTP/1.1" 200 66 "-" "PostmanRuntime/7.24.1"
::1 - - [29/Apr/2020:07:50:09 +0000] "POST /api/v1/users/forgot-password HTTP/1.1" 200 66 "-" "PostmanRuntime/7.24.1"
::1 - - [29/Apr/2020:07:51:53 +0000] "POST /api/v1/users/forgot-password HTTP/1.1" 200 66 "-" "PostmanRuntime/7.24.1"
::1 - - [29/Apr/2020:07:52:05 +0000] "POST /api/v1/users/forgot-password HTTP/1.1" 500 1433 "-" "PostmanRuntime/7.24.1"
::1 - - [29/Apr/2020:07:52:59 +0000] "POST /api/v1/users/forgot-password HTTP/1.1" 200 41 "-" "PostmanRuntime/7.24.1"
::1 - - [29/Apr/2020:07:53:34 +0000] "POST /api/v1/users/forgot-password HTTP/1.1" 200 90 "-" "PostmanRuntime/7.24.1"
::1 - - [29/Apr/2020:07:53:55 +0000] "POST /api/v1/users/forgot-password HTTP/1.1" 200 90 "-" "PostmanRuntime/7.24.1"
::1 - - [29/Apr/2020:08:02:45 +0000] "POST /api/v1/users/forgot-password HTTP/1.1" 500 96 "-" "PostmanRuntime/7.24.1"
::1 - - [29/Apr/2020:08:03:20 +0000] "POST /api/v1/users/forgot-password HTTP/1.1" 200 90 "-" "PostmanRuntime/7.24.1"
::1 - - [29/Apr/2020:08:04:02 +0000] "POST /api/v1/users/forgot-password HTTP/1.1" 200 90 "-" "PostmanRuntime/7.24.1"
::1 - - [29/Apr/2020:08:04:25 +0000] "POST /api/v1/users/forgot-password HTTP/1.1" 200 90 "-" "PostmanRuntime/7.24.1"
::1 - - [29/Apr/2020:08:04:40 +0000] "POST /api/v1/users/forgot-password HTTP/1.1" 500 1428 "-" "PostmanRuntime/7.24.1"
::1 - - [29/Apr/2020:08:04:51 +0000] "POST /api/v1/users/forgot-password HTTP/1.1" 200 41 "-" "PostmanRuntime/7.24.1"
::1 - - [29/Apr/2020:08:05:17 +0000] "POST /api/v1/users/forgot-password HTTP/1.1" 200 41 "-" "PostmanRuntime/7.24.1"
::1 - - [29/Apr/2020:08:05:26 +0000] "POST /api/v1/users/forgot-password HTTP/1.1" 200 41 "-" "PostmanRuntime/7.24.1"
::1 - - [29/Apr/2020:08:06:53 +0000] "POST /api/v1/users/forgot-password HTTP/1.1" 200 66 "-" "PostmanRuntime/7.24.1"
::1 - - [29/Apr/2020:08:14:35 +0000] "POST /api/v1/users/forgot-password HTTP/1.1" 200 72 "-" "PostmanRuntime/7.24.1"
::1 - - [29/Apr/2020:08:16:10 +0000] "POST /api/v1/users/forgot-password HTTP/1.1" 200 72 "-" "PostmanRuntime/7.24.1"
::1 - - [29/Apr/2020:08:59:58 +0000] "POST /api/v1/users/forgot-password HTTP/1.1" 200 72 "-" "PostmanRuntime/7.24.1"
::1 - - [29/Apr/2020:09:25:09 +0000] "POST /api/v1/users/forgot-password HTTP/1.1" 200 404 "-" "PostmanRuntime/7.24.1"
::1 - - [29/Apr/2020:09:26:24 +0000] "POST /api/v1/users/forgot-password HTTP/1.1" 200 494 "-" "PostmanRuntime/7.24.1"
::1 - - [29/Apr/2020:10:21:07 +0000] "POST /api/v1/users/forgot-password HTTP/1.1" 200 72 "-" "PostmanRuntime/7.24.1"
::1 - - [29/Apr/2020:10:31:58 +0000] "POST /api/v1/users/reset-password HTTP/1.1" 500 99 "-" "PostmanRuntime/7.24.1"
::1 - - [29/Apr/2020:10:33:15 +0000] "POST /api/v1/users/reset-password HTTP/1.1" 400 96 "-" "PostmanRuntime/7.24.1"
::1 - - [29/Apr/2020:10:33:46 +0000] "POST /api/v1/users/forgot-password HTTP/1.1" 200 72 "-" "PostmanRuntime/7.24.1"
::1 - - [29/Apr/2020:10:33:54 +0000] "POST /api/v1/users/reset-password HTTP/1.1" 200 440 "-" "PostmanRuntime/7.24.1"
::1 - - [29/Apr/2020:10:34:21 +0000] "POST /api/v1/users/login HTTP/1.1" 401 123 "-" "PostmanRuntime/7.24.1"
::1 - - [29/Apr/2020:10:34:29 +0000] "POST /api/v1/users/login HTTP/1.1" 200 440 "-" "PostmanRuntime/7.24.1"
::1 - - [02/Jan/2022:05:09:34 +0000] "GET / HTTP/1.1" 404 139 "-" "Mozilla/5.0 (Windows NT 10.0; Win64; x64) AppleWebKit/537.36 (KHTML, like Gecko) Chrome/96.0.4664.110 Safari/537.36"
